[2022-05-31 09:29:52,265] {taskinstance.py:1043} INFO - Dependencies all met for <TaskInstance: my_spark_dag.process_songs manual__2022-05-31T09:29:50.716383+00:00 [queued]>
[2022-05-31 09:29:52,270] {taskinstance.py:1043} INFO - Dependencies all met for <TaskInstance: my_spark_dag.process_songs manual__2022-05-31T09:29:50.716383+00:00 [queued]>
[2022-05-31 09:29:52,270] {taskinstance.py:1249} INFO - 
--------------------------------------------------------------------------------
[2022-05-31 09:29:52,270] {taskinstance.py:1250} INFO - Starting attempt 1 of 4
[2022-05-31 09:29:52,270] {taskinstance.py:1251} INFO - 
--------------------------------------------------------------------------------
[2022-05-31 09:29:52,276] {taskinstance.py:1270} INFO - Executing <Task(PythonOperator): process_songs> on 2022-05-31 09:29:50.716383+00:00
[2022-05-31 09:29:52,279] {standard_task_runner.py:52} INFO - Started process 965 to run task
[2022-05-31 09:29:52,280] {standard_task_runner.py:79} INFO - Running: ['***', 'tasks', 'run', 'my_spark_dag', 'process_songs', 'manual__2022-05-31T09:29:50.716383+00:00', '--job-id', '2', '--raw', '--subdir', 'DAGS_FOLDER/spark_dag.py', '--cfg-path', '/tmp/tmp8k3qc69z', '--error-file', '/tmp/tmpvqua1swd']
[2022-05-31 09:29:52,281] {standard_task_runner.py:80} INFO - Job 2: Subtask process_songs
[2022-05-31 09:29:52,308] {logging_mixin.py:109} INFO - Running <TaskInstance: my_spark_dag.process_songs manual__2022-05-31T09:29:50.716383+00:00 [running]> on host 9f4007c80274
[2022-05-31 09:29:52,335] {taskinstance.py:1446} INFO - Exporting the following env vars:
AIRFLOW_CTX_DAG_OWNER=kirill
AIRFLOW_CTX_DAG_ID=my_spark_dag
AIRFLOW_CTX_TASK_ID=process_songs
AIRFLOW_CTX_EXECUTION_DATE=2022-05-31T09:29:50.716383+00:00
AIRFLOW_CTX_DAG_RUN_ID=manual__2022-05-31T09:29:50.716383+00:00
[2022-05-31 09:29:52,335] {spark_funcs.py:31} INFO - debug0
[2022-05-31 09:32:44,762] {spark_funcs.py:33} INFO - debug1
[2022-05-31 09:33:13,575] {spark_funcs.py:37} INFO - debug2
[2022-05-31 09:34:22,765] {python.py:175} INFO - Done. Returned value was: None
[2022-05-31 09:34:22,773] {taskinstance.py:1278} INFO - Marking task as SUCCESS. dag_id=my_spark_dag, task_id=process_songs, execution_date=20220531T092950, start_date=20220531T092952, end_date=20220531T093422
[2022-05-31 09:34:22,819] {local_task_job.py:154} INFO - Task exited with return code 0
[2022-05-31 09:34:22,851] {local_task_job.py:264} INFO - 1 downstream tasks scheduled from follow-on schedule check
