[2022-05-31 10:20:11,927] {taskinstance.py:1043} INFO - Dependencies all met for <TaskInstance: my_spark_dag.process_songs manual__2022-05-31T10:19:57.663120+00:00 [queued]>
[2022-05-31 10:20:11,932] {taskinstance.py:1043} INFO - Dependencies all met for <TaskInstance: my_spark_dag.process_songs manual__2022-05-31T10:19:57.663120+00:00 [queued]>
[2022-05-31 10:20:11,932] {taskinstance.py:1249} INFO - 
--------------------------------------------------------------------------------
[2022-05-31 10:20:11,933] {taskinstance.py:1250} INFO - Starting attempt 1 of 4
[2022-05-31 10:20:11,933] {taskinstance.py:1251} INFO - 
--------------------------------------------------------------------------------
[2022-05-31 10:20:11,940] {taskinstance.py:1270} INFO - Executing <Task(PythonOperator): process_songs> on 2022-05-31 10:19:57.663120+00:00
[2022-05-31 10:20:11,944] {standard_task_runner.py:52} INFO - Started process 68226 to run task
[2022-05-31 10:20:11,947] {standard_task_runner.py:79} INFO - Running: ['***', 'tasks', 'run', 'my_spark_dag', 'process_songs', 'manual__2022-05-31T10:19:57.663120+00:00', '--job-id', '14', '--raw', '--subdir', 'DAGS_FOLDER/spark_dag.py', '--cfg-path', '/tmp/tmpewzrnxjq', '--error-file', '/tmp/tmpzaul8ukf']
[2022-05-31 10:20:11,947] {standard_task_runner.py:80} INFO - Job 14: Subtask process_songs
[2022-05-31 10:20:11,981] {logging_mixin.py:109} INFO - Running <TaskInstance: my_spark_dag.process_songs manual__2022-05-31T10:19:57.663120+00:00 [running]> on host 9f4007c80274
[2022-05-31 10:20:12,010] {taskinstance.py:1446} INFO - Exporting the following env vars:
AIRFLOW_CTX_DAG_OWNER=kirill
AIRFLOW_CTX_DAG_ID=my_spark_dag
AIRFLOW_CTX_TASK_ID=process_songs
AIRFLOW_CTX_EXECUTION_DATE=2022-05-31T10:19:57.663120+00:00
AIRFLOW_CTX_DAG_RUN_ID=manual__2022-05-31T10:19:57.663120+00:00
[2022-05-31 10:20:12,011] {spark_funcs.py:31} INFO - debug0
[2022-05-31 10:20:12,011] {spark_funcs.py:33} INFO - debug1
[2022-05-31 10:20:36,147] {spark_funcs.py:37} INFO - debug2
[2022-05-31 10:21:46,274] {python.py:175} INFO - Done. Returned value was: None
[2022-05-31 10:21:46,286] {taskinstance.py:1278} INFO - Marking task as SUCCESS. dag_id=my_spark_dag, task_id=process_songs, execution_date=20220531T101957, start_date=20220531T102011, end_date=20220531T102146
[2022-05-31 10:21:46,304] {local_task_job.py:154} INFO - Task exited with return code 0
