[2022-05-31 09:49:12,046] {taskinstance.py:1043} INFO - Dependencies all met for <TaskInstance: my_spark_dag.process_songs manual__2022-05-31T09:48:56.808385+00:00 [queued]>
[2022-05-31 09:49:12,052] {taskinstance.py:1043} INFO - Dependencies all met for <TaskInstance: my_spark_dag.process_songs manual__2022-05-31T09:48:56.808385+00:00 [queued]>
[2022-05-31 09:49:12,052] {taskinstance.py:1249} INFO - 
--------------------------------------------------------------------------------
[2022-05-31 09:49:12,052] {taskinstance.py:1250} INFO - Starting attempt 1 of 4
[2022-05-31 09:49:12,052] {taskinstance.py:1251} INFO - 
--------------------------------------------------------------------------------
[2022-05-31 09:49:12,059] {taskinstance.py:1270} INFO - Executing <Task(PythonOperator): process_songs> on 2022-05-31 09:48:56.808385+00:00
[2022-05-31 09:49:12,064] {standard_task_runner.py:52} INFO - Started process 14691 to run task
[2022-05-31 09:49:12,066] {standard_task_runner.py:79} INFO - Running: ['***', 'tasks', 'run', 'my_spark_dag', 'process_songs', 'manual__2022-05-31T09:48:56.808385+00:00', '--job-id', '6', '--raw', '--subdir', 'DAGS_FOLDER/spark_dag.py', '--cfg-path', '/tmp/tmp0ttf1871', '--error-file', '/tmp/tmpwb3o103r']
[2022-05-31 09:49:12,067] {standard_task_runner.py:80} INFO - Job 6: Subtask process_songs
[2022-05-31 09:49:12,101] {logging_mixin.py:109} INFO - Running <TaskInstance: my_spark_dag.process_songs manual__2022-05-31T09:48:56.808385+00:00 [running]> on host 9f4007c80274
[2022-05-31 09:49:12,140] {taskinstance.py:1446} INFO - Exporting the following env vars:
AIRFLOW_CTX_DAG_OWNER=kirill
AIRFLOW_CTX_DAG_ID=my_spark_dag
AIRFLOW_CTX_TASK_ID=process_songs
AIRFLOW_CTX_EXECUTION_DATE=2022-05-31T09:48:56.808385+00:00
AIRFLOW_CTX_DAG_RUN_ID=manual__2022-05-31T09:48:56.808385+00:00
[2022-05-31 09:49:12,141] {spark_funcs.py:31} INFO - debug0
[2022-05-31 09:49:12,143] {spark_funcs.py:33} INFO - debug1
[2022-05-31 09:49:37,281] {spark_funcs.py:37} INFO - debug2
[2022-05-31 09:50:47,254] {python.py:175} INFO - Done. Returned value was: None
[2022-05-31 09:50:47,265] {taskinstance.py:1278} INFO - Marking task as SUCCESS. dag_id=my_spark_dag, task_id=process_songs, execution_date=20220531T094856, start_date=20220531T094912, end_date=20220531T095047
[2022-05-31 09:50:47,278] {local_task_job.py:154} INFO - Task exited with return code 0
