[2022-05-30 11:09:24,808] {taskinstance.py:903} INFO - Dependencies all met for <TaskInstance: create_table_dag.create_tables 2022-05-30T11:09:24.003955+00:00 [queued]>
[2022-05-30 11:09:24,813] {taskinstance.py:903} INFO - Dependencies all met for <TaskInstance: create_table_dag.create_tables 2022-05-30T11:09:24.003955+00:00 [queued]>
[2022-05-30 11:09:24,813] {taskinstance.py:1095} INFO - 
--------------------------------------------------------------------------------
[2022-05-30 11:09:24,814] {taskinstance.py:1096} INFO - Starting attempt 1 of 4
[2022-05-30 11:09:24,814] {taskinstance.py:1097} INFO - 
--------------------------------------------------------------------------------
[2022-05-30 11:09:24,821] {taskinstance.py:1115} INFO - Executing <Task(PythonOperator): create_tables> on 2022-05-30T11:09:24.003955+00:00
[2022-05-30 11:09:24,823] {standard_task_runner.py:52} INFO - Started process 4055 to run task
[2022-05-30 11:09:24,825] {standard_task_runner.py:76} INFO - Running: ['***', 'tasks', 'run', 'create_table_dag', 'create_tables', '2022-05-30T11:09:24.003955+00:00', '--job-id', '13', '--pool', 'default_pool', '--raw', '--subdir', 'DAGS_FOLDER/create_tables_dag.py', '--cfg-path', '/tmp/tmpkpjs5uv1', '--error-file', '/tmp/tmpawxc5iq1']
[2022-05-30 11:09:24,827] {standard_task_runner.py:77} INFO - Job 13: Subtask create_tables
[2022-05-30 11:09:24,852] {logging_mixin.py:109} INFO - Running <TaskInstance: create_table_dag.create_tables 2022-05-30T11:09:24.003955+00:00 [running]> on host 1367f8687ad2
[2022-05-30 11:09:24,880] {taskinstance.py:1254} INFO - Exporting the following env vars:
AIRFLOW_CTX_DAG_OWNER=kirill
AIRFLOW_CTX_DAG_ID=create_table_dag
AIRFLOW_CTX_TASK_ID=create_tables
AIRFLOW_CTX_EXECUTION_DATE=2022-05-30T11:09:24.003955+00:00
AIRFLOW_CTX_DAG_RUN_ID=manual__2022-05-30T11:09:24.003955+00:00
[2022-05-30 11:09:24,908] {python.py:151} INFO - Done. Returned value was: None
[2022-05-30 11:09:24,916] {taskinstance.py:1219} INFO - Marking task as SUCCESS. dag_id=create_table_dag, task_id=create_tables, execution_date=20220530T110924, start_date=20220530T110924, end_date=20220530T110924
[2022-05-30 11:09:24,959] {local_task_job.py:151} INFO - Task exited with return code 0
[2022-05-30 11:09:24,973] {local_task_job.py:261} INFO - 0 downstream tasks scheduled from follow-on schedule check
